Using pre-set license
Built from '2020.3/release' branch; Version is '2020.3.27f1 (e759542391ea) revision 15161684'; Using compiler version '192528614'; Build Type 'Release'
OS: 'Windows 8.1  (6.3.0) 64bit Professional' Language: 'en' Physical Memory: 16256 MB
BatchMode: 1, IsHumanControllingUs: 0, StartBugReporterOnCrash: 0, Is64bit: 1, IsPro: 0

COMMAND LINE ARGUMENTS:
C:\Program Files\Unity Editors\2020.3.27f1\Editor\Unity.exe
-adb2
-batchMode
-noUpm
-name
AssetImportWorker0
-projectPath
C:/GitHub/Break-Corner
-logFile
Logs/AssetImportWorker0.log
-srvPort
56723
Successfully changed project path to: C:/GitHub/Break-Corner
C:/GitHub/Break-Corner
Using Asset Import Pipeline V2.
Refreshing native plugins compatible for Editor in 106.18 ms, found 2 plugins.
Preloading 0 native plugins for Editor in 0.00 ms.
Initialize engine version: 2020.3.27f1 (e759542391ea)
[Subsystems] Discovering subsystems at path C:/Program Files/Unity Editors/2020.3.27f1/Editor/Data/Resources/UnitySubsystems
[Subsystems] Discovering subsystems at path C:/GitHub/Break-Corner/Assets
GfxDevice: creating device client; threaded=0
d3d11: QueryInterface(IDXGIFactory5) failed (80004002).
Direct3D:
    Version:  Direct3D 11.0 [level 11.0]
    Renderer: Intel(R) HD Graphics 4000 (ID=0x166)
    Vendor:   
    VRAM:     2055 MB
    Driver:   12.104.0.0
Initialize mono
Mono path[0] = 'C:/Program Files/Unity Editors/2020.3.27f1/Editor/Data/Managed'
Mono path[1] = 'C:/Program Files/Unity Editors/2020.3.27f1/Editor/Data/MonoBleedingEdge/lib/mono/unityjit'
Mono config path = 'C:/Program Files/Unity Editors/2020.3.27f1/Editor/Data/MonoBleedingEdge/etc'
Using monoOptions --debugger-agent=transport=dt_socket,embedding=1,server=y,suspend=n,address=127.0.0.1:56724
Begin MonoManager ReloadAssembly
Registering precompiled unity dll's ...
Register platform support module: C:/Program Files/Unity Editors/2020.3.27f1/Editor/Data/PlaybackEngines/WebGLSupport/UnityEditor.WebGL.Extensions.dll
Register platform support module: C:/Program Files/Unity Editors/2020.3.27f1/Editor/Data/PlaybackEngines/WindowsStandaloneSupport/UnityEditor.WindowsStandalone.Extensions.dll
Registered in 0.002509 seconds.
Native extension for WindowsStandalone target not found
Native extension for WebGL target not found
Refreshing native plugins compatible for Editor in 95.24 ms, found 2 plugins.
Preloading 0 native plugins for Editor in 0.00 ms.
Mono: successfully reloaded assembly
- Completed reload, in  1.186 seconds
Domain Reload Profiling:
	ReloadAssembly (1187ms)
		BeginReloadAssembly (131ms)
			ExecutionOrderSort (0ms)
			DisableScriptedObjects (0ms)
			BackupInstance (0ms)
			ReleaseScriptingObjects (0ms)
			CreateAndSetChildDomain (1ms)
		EndReloadAssembly (921ms)
			LoadAssemblies (129ms)
			RebuildTransferFunctionScriptingTraits (0ms)
			SetupTypeCache (291ms)
			ReleaseScriptCaches (0ms)
			RebuildScriptCaches (62ms)
			SetupLoadedEditorAssemblies (360ms)
				LogAssemblyErrors (0ms)
				InitializePlatformSupportModulesInManaged (7ms)
				SetLoadedEditorAssemblies (0ms)
				RefreshPlugins (95ms)
				BeforeProcessingInitializeOnLoad (43ms)
				ProcessInitializeOnLoadAttributes (166ms)
				ProcessInitializeOnLoadMethodAttributes (48ms)
				AfterProcessingInitializeOnLoad (0ms)
				EditorAssembliesLoaded (0ms)
			ExecutionOrderSort2 (0ms)
			AwakeInstancesAfterBackupRestoration (0ms)
Platform modules already initialized, skipping
Registering precompiled user dll's ...
Registered in 0.012736 seconds.
Begin MonoManager ReloadAssembly
Native extension for WindowsStandalone target not found
Native extension for WebGL target not found
Refreshing native plugins compatible for Editor in 106.22 ms, found 2 plugins.
Preloading 0 native plugins for Editor in 0.00 ms.
Mono: successfully reloaded assembly
- Completed reload, in  2.644 seconds
Domain Reload Profiling:
	ReloadAssembly (2645ms)
		BeginReloadAssembly (303ms)
			ExecutionOrderSort (0ms)
			DisableScriptedObjects (8ms)
			BackupInstance (0ms)
			ReleaseScriptingObjects (0ms)
			CreateAndSetChildDomain (48ms)
		EndReloadAssembly (2211ms)
			LoadAssemblies (227ms)
			RebuildTransferFunctionScriptingTraits (0ms)
			SetupTypeCache (818ms)
			ReleaseScriptCaches (1ms)
			RebuildScriptCaches (133ms)
			SetupLoadedEditorAssemblies (798ms)
				LogAssemblyErrors (0ms)
				InitializePlatformSupportModulesInManaged (7ms)
				SetLoadedEditorAssemblies (0ms)
				RefreshPlugins (106ms)
				BeforeProcessingInitializeOnLoad (171ms)
				ProcessInitializeOnLoadAttributes (489ms)
				ProcessInitializeOnLoadMethodAttributes (14ms)
				AfterProcessingInitializeOnLoad (8ms)
				EditorAssembliesLoaded (1ms)
			ExecutionOrderSort2 (0ms)
			AwakeInstancesAfterBackupRestoration (16ms)
Platform modules already initialized, skipping
========================================================================
Worker process is ready to serve import requests
Launched and connected shader compiler UnityShaderCompiler.exe after 0.05 seconds
Refreshing native plugins compatible for Editor in 1.37 ms, found 2 plugins.
Preloading 0 native plugins for Editor in 0.00 ms.
Unloading 3121 Unused Serialized files (Serialized files now loaded: 0)
System memory in use before: 135.8 MB.
System memory in use after: 136.0 MB.

Unloading 23 unused Assets to reduce memory usage. Loaded Objects now: 3556.
Total: 8.052925 ms (FindLiveObjects: 0.744086 ms CreateObjectMapping: 0.428724 ms MarkObjects: 6.742493 ms  DeleteObjects: 0.133889 ms)

AssetImportParameters requested are different than current active one (requested -> active):
  custom:framework-win-MediaFoundation: 216162199b28c13a410421893ffa2e32 -> 
  custom:video-decoder-ogg-theora: a1e56fd34408186e4bbccfd4996cb3dc -> 
  custom:container-muxer-webm: aa71ff27fc2769a1b78a27578f13a17b -> 
  custom:container-demuxer-webm: 4f35f7cbe854078d1ac9338744f61a02 -> 
  custom:container-demuxer-ogg: 62fdf1f143b41e24485cea50d1cbac27 -> 
  custom:video-encoder-webm-vp8: eb34c28f22e8b96e1ab97ce403110664 -> 
  custom:video-decoder-webm-vp8: 9c59270c3fd7afecdb556c50c9e8de78 -> 
  custom:audio-decoder-ogg-vorbis: bf7c407c2cedff20999df2af8eb42d56 -> 
  custom:audio-encoder-webm-vorbis: bf7c407c2cedff20999df2af8eb42d56 -> 
========================================================================
Received Import Request.
  path: Assets/Inputs/PrimaryInputActions.inputactions
  artifactKey: Guid(fadd0445c25e3e742890b0540f0f54ce) Importer(815301076,1909f56bfc062723c751e8b465ee728b)
Start importing Assets/Inputs/PrimaryInputActions.inputactions using Guid(fadd0445c25e3e742890b0540f0f54ce) Importer(815301076,1909f56bfc062723c751e8b465ee728b)  -> (artifact id: '3e2a2d445a36ffa0f54ac3dd0d655419') in 0.089644 seconds 
  Import took 0.101578 seconds .

========================================================================
Received Import Request.
  Time since last request: 2.962514 seconds.
  path: Assets/Inputs/PrimaryInputActions.inputactions
  artifactKey: Guid(fadd0445c25e3e742890b0540f0f54ce) Importer(815301076,1909f56bfc062723c751e8b465ee728b)
Start importing Assets/Inputs/PrimaryInputActions.inputactions using Guid(fadd0445c25e3e742890b0540f0f54ce) Importer(815301076,1909f56bfc062723c751e8b465ee728b)  -> (artifact id: '873f1921c623838319fcf71a572f8e58') in 0.013602 seconds 
  Import took 0.022741 seconds .

========================================================================
Received Import Request.
  Time since last request: 22.017049 seconds.
  path: Assets/Inputs/PrimaryInputActions.inputactions
  artifactKey: Guid(fadd0445c25e3e742890b0540f0f54ce) Importer(815301076,1909f56bfc062723c751e8b465ee728b)
Start importing Assets/Inputs/PrimaryInputActions.inputactions using Guid(fadd0445c25e3e742890b0540f0f54ce) Importer(815301076,1909f56bfc062723c751e8b465ee728b)  -> (artifact id: '963449452ac2fab0636aaec7bdeff43f') in 0.014031 seconds 
  Import took 0.022228 seconds .

========================================================================
Received Import Request.
  Time since last request: 3.143514 seconds.
  path: Assets/Inputs/PrimaryInputActions.inputactions
  artifactKey: Guid(fadd0445c25e3e742890b0540f0f54ce) Importer(815301076,1909f56bfc062723c751e8b465ee728b)
Start importing Assets/Inputs/PrimaryInputActions.inputactions using Guid(fadd0445c25e3e742890b0540f0f54ce) Importer(815301076,1909f56bfc062723c751e8b465ee728b)  -> (artifact id: 'e33090c8c7c5320c2b2775b7aa6b60ae') in 0.015223 seconds 
  Import took 0.024533 seconds .

========================================================================
Received Import Request.
  Time since last request: 13.600317 seconds.
  path: Assets/Inputs/PrimaryInputActions.inputactions
  artifactKey: Guid(fadd0445c25e3e742890b0540f0f54ce) Importer(815301076,1909f56bfc062723c751e8b465ee728b)
Start importing Assets/Inputs/PrimaryInputActions.inputactions using Guid(fadd0445c25e3e742890b0540f0f54ce) Importer(815301076,1909f56bfc062723c751e8b465ee728b)  -> (artifact id: '71a9ede5b8ec08e8c9c9147b2cb5fab8') in 0.018027 seconds 
  Import took 0.029505 seconds .

========================================================================
Received Import Request.
  Time since last request: 15.967709 seconds.
  path: Assets/Inputs/PrimaryInputActions.inputactions
  artifactKey: Guid(fadd0445c25e3e742890b0540f0f54ce) Importer(815301076,1909f56bfc062723c751e8b465ee728b)
Start importing Assets/Inputs/PrimaryInputActions.inputactions using Guid(fadd0445c25e3e742890b0540f0f54ce) Importer(815301076,1909f56bfc062723c751e8b465ee728b)  -> (artifact id: 'b7ec92da197d09915548d5db4901f1e4') in 0.029306 seconds 
  Import took 0.049204 seconds .

========================================================================
Received Import Request.
  Time since last request: 9.317557 seconds.
  path: Assets/Inputs/PrimaryInputActions.inputactions
  artifactKey: Guid(fadd0445c25e3e742890b0540f0f54ce) Importer(815301076,1909f56bfc062723c751e8b465ee728b)
Start importing Assets/Inputs/PrimaryInputActions.inputactions using Guid(fadd0445c25e3e742890b0540f0f54ce) Importer(815301076,1909f56bfc062723c751e8b465ee728b)  -> (artifact id: 'e5ca06fa5d5703e245e3119d6dbd18c6') in 0.011576 seconds 
  Import took 0.021136 seconds .

========================================================================
Received Prepare
Registering precompiled user dll's ...
Registered in 0.006357 seconds.
Begin MonoManager ReloadAssembly
Native extension for WindowsStandalone target not found
Native extension for WebGL target not found
Refreshing native plugins compatible for Editor in 0.85 ms, found 2 plugins.
Preloading 0 native plugins for Editor in 0.00 ms.
Mono: successfully reloaded assembly
- Completed reload, in  2.239 seconds
Domain Reload Profiling:
	ReloadAssembly (2240ms)
		BeginReloadAssembly (255ms)
			ExecutionOrderSort (0ms)
			DisableScriptedObjects (10ms)
			BackupInstance (0ms)
			ReleaseScriptingObjects (0ms)
			CreateAndSetChildDomain (62ms)
		EndReloadAssembly (1870ms)
			LoadAssemblies (208ms)
			RebuildTransferFunctionScriptingTraits (0ms)
			SetupTypeCache (700ms)
			ReleaseScriptCaches (2ms)
			RebuildScriptCaches (105ms)
			SetupLoadedEditorAssemblies (692ms)
				LogAssemblyErrors (0ms)
				InitializePlatformSupportModulesInManaged (8ms)
				SetLoadedEditorAssemblies (1ms)
				RefreshPlugins (1ms)
				BeforeProcessingInitializeOnLoad (171ms)
				ProcessInitializeOnLoadAttributes (490ms)
				ProcessInitializeOnLoadMethodAttributes (14ms)
				AfterProcessingInitializeOnLoad (7ms)
				EditorAssembliesLoaded (1ms)
			ExecutionOrderSort2 (0ms)
			AwakeInstancesAfterBackupRestoration (17ms)
Platform modules already initialized, skipping
Refreshing native plugins compatible for Editor in 1.34 ms, found 2 plugins.
Preloading 0 native plugins for Editor in 0.00 ms.
Unloading 3047 Unused Serialized files (Serialized files now loaded: 0)
System memory in use before: 129.0 MB.
System memory in use after: 129.3 MB.

Unloading 16 unused Assets to reduce memory usage. Loaded Objects now: 3558.
Total: 5.892976 ms (FindLiveObjects: 0.293902 ms CreateObjectMapping: 0.162346 ms MarkObjects: 5.396141 ms  DeleteObjects: 0.037787 ms)

AssetImportParameters requested are different than current active one (requested -> active):
  custom:framework-win-MediaFoundation: 216162199b28c13a410421893ffa2e32 -> 
  custom:video-decoder-ogg-theora: a1e56fd34408186e4bbccfd4996cb3dc -> 
  custom:container-muxer-webm: aa71ff27fc2769a1b78a27578f13a17b -> 
  custom:container-demuxer-webm: 4f35f7cbe854078d1ac9338744f61a02 -> 
  custom:container-demuxer-ogg: 62fdf1f143b41e24485cea50d1cbac27 -> 
  custom:video-encoder-webm-vp8: eb34c28f22e8b96e1ab97ce403110664 -> 
  custom:video-decoder-webm-vp8: 9c59270c3fd7afecdb556c50c9e8de78 -> 
  custom:audio-decoder-ogg-vorbis: bf7c407c2cedff20999df2af8eb42d56 -> 
  custom:audio-encoder-webm-vorbis: bf7c407c2cedff20999df2af8eb42d56 -> 
========================================================================
Received Import Request.
  Time since last request: 65.207057 seconds.
  path: Assets/Inputs/PrimaryInputActions.inputactions
  artifactKey: Guid(fadd0445c25e3e742890b0540f0f54ce) Importer(815301076,1909f56bfc062723c751e8b465ee728b)
Start importing Assets/Inputs/PrimaryInputActions.inputactions using Guid(fadd0445c25e3e742890b0540f0f54ce) Importer(815301076,1909f56bfc062723c751e8b465ee728b)  -> (artifact id: '3fcfc83a1e7ee26dcb216ba4a3c6c6e5') in 0.059748 seconds 
  Import took 0.072441 seconds .

========================================================================
Received Import Request.
  Time since last request: 58.929820 seconds.
  path: Assets/Inputs/PrimaryInputActions.inputactions
  artifactKey: Guid(fadd0445c25e3e742890b0540f0f54ce) Importer(815301076,1909f56bfc062723c751e8b465ee728b)
Start importing Assets/Inputs/PrimaryInputActions.inputactions using Guid(fadd0445c25e3e742890b0540f0f54ce) Importer(815301076,1909f56bfc062723c751e8b465ee728b)  -> (artifact id: '17485069605e50fa8f09732b0af0a4ad') in 0.014990 seconds 
  Import took 0.024754 seconds .

========================================================================
Received Import Request.
  Time since last request: 4.464568 seconds.
  path: Assets/Inputs/PrimaryInputActions.inputactions
  artifactKey: Guid(fadd0445c25e3e742890b0540f0f54ce) Importer(815301076,1909f56bfc062723c751e8b465ee728b)
Start importing Assets/Inputs/PrimaryInputActions.inputactions using Guid(fadd0445c25e3e742890b0540f0f54ce) Importer(815301076,1909f56bfc062723c751e8b465ee728b)  -> (artifact id: 'fb5b8c9293ea92893d51d45c73a2c174') in 0.023998 seconds 
  Import took 0.036871 seconds .

========================================================================
Received Import Request.
  Time since last request: 2.568018 seconds.
  path: Assets/Inputs/PrimaryInputActions.inputactions
  artifactKey: Guid(fadd0445c25e3e742890b0540f0f54ce) Importer(815301076,1909f56bfc062723c751e8b465ee728b)
Start importing Assets/Inputs/PrimaryInputActions.inputactions using Guid(fadd0445c25e3e742890b0540f0f54ce) Importer(815301076,1909f56bfc062723c751e8b465ee728b)  -> (artifact id: 'abaa2f7f961051a84c9067ad169bfa1f') in 0.018081 seconds 
  Import took 0.028341 seconds .

========================================================================
Received Import Request.
  Time since last request: 144.637947 seconds.
  path: Assets/Inputs/PrimaryInputActions.inputactions
  artifactKey: Guid(fadd0445c25e3e742890b0540f0f54ce) Importer(815301076,1909f56bfc062723c751e8b465ee728b)
Start importing Assets/Inputs/PrimaryInputActions.inputactions using Guid(fadd0445c25e3e742890b0540f0f54ce) Importer(815301076,1909f56bfc062723c751e8b465ee728b)  -> (artifact id: 'd383d34455db820aec4b840c5ecd30cc') in 0.013146 seconds 
  Import took 0.022144 seconds .

========================================================================
Received Import Request.
  Time since last request: 8.471710 seconds.
  path: Assets/Inputs/PrimaryInputActions.inputactions
  artifactKey: Guid(fadd0445c25e3e742890b0540f0f54ce) Importer(815301076,1909f56bfc062723c751e8b465ee728b)
Start importing Assets/Inputs/PrimaryInputActions.inputactions using Guid(fadd0445c25e3e742890b0540f0f54ce) Importer(815301076,1909f56bfc062723c751e8b465ee728b)  -> (artifact id: 'bfe345630032a830f5d689b2c0212d29') in 0.013904 seconds 
  Import took 0.022164 seconds .

========================================================================
Received Import Request.
  Time since last request: 9.069212 seconds.
  path: Assets/Inputs/PrimaryInputActions.inputactions
  artifactKey: Guid(fadd0445c25e3e742890b0540f0f54ce) Importer(815301076,1909f56bfc062723c751e8b465ee728b)
Start importing Assets/Inputs/PrimaryInputActions.inputactions using Guid(fadd0445c25e3e742890b0540f0f54ce) Importer(815301076,1909f56bfc062723c751e8b465ee728b)  -> (artifact id: 'dd71622fb991b1a33c370a527825b7c9') in 0.015848 seconds 
  Import took 0.026024 seconds .

========================================================================
Received Import Request.
  Time since last request: 7.612709 seconds.
  path: Assets/Inputs/PrimaryInputActions.inputactions
  artifactKey: Guid(fadd0445c25e3e742890b0540f0f54ce) Importer(815301076,1909f56bfc062723c751e8b465ee728b)
Start importing Assets/Inputs/PrimaryInputActions.inputactions using Guid(fadd0445c25e3e742890b0540f0f54ce) Importer(815301076,1909f56bfc062723c751e8b465ee728b)  -> (artifact id: '83748e26eff8fd70d756c922a4cb6bc9') in 0.012649 seconds 
  Import took 0.021388 seconds .

========================================================================
Received Import Request.
  Time since last request: 17.347361 seconds.
  path: Assets/Inputs/PrimaryInputActions.inputactions
  artifactKey: Guid(fadd0445c25e3e742890b0540f0f54ce) Importer(815301076,1909f56bfc062723c751e8b465ee728b)
Start importing Assets/Inputs/PrimaryInputActions.inputactions using Guid(fadd0445c25e3e742890b0540f0f54ce) Importer(815301076,1909f56bfc062723c751e8b465ee728b)  -> (artifact id: 'fdff423463b8f1e621e69af55e0d1f2a') in 0.011479 seconds 
  Import took 0.021080 seconds .

========================================================================
Received Import Request.
  Time since last request: 42.594772 seconds.
  path: Assets/Inputs/PrimaryInputActions.inputactions
  artifactKey: Guid(fadd0445c25e3e742890b0540f0f54ce) Importer(815301076,1909f56bfc062723c751e8b465ee728b)
Start importing Assets/Inputs/PrimaryInputActions.inputactions using Guid(fadd0445c25e3e742890b0540f0f54ce) Importer(815301076,1909f56bfc062723c751e8b465ee728b)  -> (artifact id: '39e0db724fe14e27a894e80c50745e7e') in 0.011505 seconds 
  Import took 0.020922 seconds .

========================================================================
Received Import Request.
  Time since last request: 6.710547 seconds.
  path: Assets/Inputs/PrimaryInputActions.inputactions
  artifactKey: Guid(fadd0445c25e3e742890b0540f0f54ce) Importer(815301076,1909f56bfc062723c751e8b465ee728b)
Start importing Assets/Inputs/PrimaryInputActions.inputactions using Guid(fadd0445c25e3e742890b0540f0f54ce) Importer(815301076,1909f56bfc062723c751e8b465ee728b)  -> (artifact id: '390bdd25ec79ff697afb1fa0d12c414a') in 0.011335 seconds 
  Import took 0.022307 seconds .

========================================================================
Received Import Request.
  Time since last request: 5.665984 seconds.
  path: Assets/Inputs/PrimaryInputActions.inputactions
  artifactKey: Guid(fadd0445c25e3e742890b0540f0f54ce) Importer(815301076,1909f56bfc062723c751e8b465ee728b)
Start importing Assets/Inputs/PrimaryInputActions.inputactions using Guid(fadd0445c25e3e742890b0540f0f54ce) Importer(815301076,1909f56bfc062723c751e8b465ee728b)  -> (artifact id: 'd1543821fe37c154f654a0e598e19edb') in 0.011061 seconds 
  Import took 0.019613 seconds .

========================================================================
Received Import Request.
  Time since last request: 48.674080 seconds.
  path: Assets/Inputs/PrimaryInputActions.inputactions
  artifactKey: Guid(fadd0445c25e3e742890b0540f0f54ce) Importer(815301076,1909f56bfc062723c751e8b465ee728b)
Start importing Assets/Inputs/PrimaryInputActions.inputactions using Guid(fadd0445c25e3e742890b0540f0f54ce) Importer(815301076,1909f56bfc062723c751e8b465ee728b)  -> (artifact id: '3e1aec3a5b0163af2aa4719c5b1f8bc8') in 0.012010 seconds 
  Import took 0.020896 seconds .

========================================================================
Received Import Request.
  Time since last request: 81.197647 seconds.
  path: Assets/Inputs/PrimaryInputActions.inputactions
  artifactKey: Guid(fadd0445c25e3e742890b0540f0f54ce) Importer(815301076,1909f56bfc062723c751e8b465ee728b)
Start importing Assets/Inputs/PrimaryInputActions.inputactions using Guid(fadd0445c25e3e742890b0540f0f54ce) Importer(815301076,1909f56bfc062723c751e8b465ee728b)  -> (artifact id: '08986ba140d9d5c773d798a95da62a4d') in 0.013934 seconds 
  Import took 0.021948 seconds .

========================================================================
Received Import Request.
  Time since last request: 64.357271 seconds.
  path: Assets/Inputs/PrimaryInputActions.inputactions
  artifactKey: Guid(fadd0445c25e3e742890b0540f0f54ce) Importer(815301076,1909f56bfc062723c751e8b465ee728b)
Start importing Assets/Inputs/PrimaryInputActions.inputactions using Guid(fadd0445c25e3e742890b0540f0f54ce) Importer(815301076,1909f56bfc062723c751e8b465ee728b)  -> (artifact id: '0f44abda4b12a8e2a74c1ba484c17dff') in 0.011823 seconds 
  Import took 0.020008 seconds .

========================================================================
Received Import Request.
  Time since last request: 15.229886 seconds.
  path: Assets/Inputs/PrimaryInputActions.inputactions
  artifactKey: Guid(fadd0445c25e3e742890b0540f0f54ce) Importer(815301076,1909f56bfc062723c751e8b465ee728b)
Start importing Assets/Inputs/PrimaryInputActions.inputactions using Guid(fadd0445c25e3e742890b0540f0f54ce) Importer(815301076,1909f56bfc062723c751e8b465ee728b)  -> (artifact id: 'fcbbef06860a9b3c1930fd8881e08974') in 0.012321 seconds 
  Import took 0.021312 seconds .

========================================================================
Received Import Request.
  Time since last request: 30.041033 seconds.
  path: Assets/Inputs/PrimaryInputActions.inputactions
  artifactKey: Guid(fadd0445c25e3e742890b0540f0f54ce) Importer(815301076,1909f56bfc062723c751e8b465ee728b)
Start importing Assets/Inputs/PrimaryInputActions.inputactions using Guid(fadd0445c25e3e742890b0540f0f54ce) Importer(815301076,1909f56bfc062723c751e8b465ee728b)  -> (artifact id: '2857533e4d1493df71ab70c29f0b6042') in 0.013315 seconds 
  Import took 0.021416 seconds .

========================================================================
Received Import Request.
  Time since last request: 28.947056 seconds.
  path: Assets/Inputs/PrimaryInputActions.inputactions
  artifactKey: Guid(fadd0445c25e3e742890b0540f0f54ce) Importer(815301076,1909f56bfc062723c751e8b465ee728b)
Start importing Assets/Inputs/PrimaryInputActions.inputactions using Guid(fadd0445c25e3e742890b0540f0f54ce) Importer(815301076,1909f56bfc062723c751e8b465ee728b)  -> (artifact id: '20b4992d52b4126b6d3d6af44378849d') in 0.011252 seconds 
  Import took 0.021994 seconds .

========================================================================
Received Import Request.
  Time since last request: 36.005349 seconds.
  path: Assets/Inputs/PrimaryInputActions.inputactions
  artifactKey: Guid(fadd0445c25e3e742890b0540f0f54ce) Importer(815301076,1909f56bfc062723c751e8b465ee728b)
Start importing Assets/Inputs/PrimaryInputActions.inputactions using Guid(fadd0445c25e3e742890b0540f0f54ce) Importer(815301076,1909f56bfc062723c751e8b465ee728b)  -> (artifact id: 'dc9d2f06ab6004517fcd7217b189888d') in 0.013743 seconds 
  Import took 0.022575 seconds .

========================================================================
Received Import Request.
  Time since last request: 95.499963 seconds.
  path: Assets/Inputs/PrimaryInputActions.inputactions
  artifactKey: Guid(fadd0445c25e3e742890b0540f0f54ce) Importer(815301076,1909f56bfc062723c751e8b465ee728b)
Start importing Assets/Inputs/PrimaryInputActions.inputactions using Guid(fadd0445c25e3e742890b0540f0f54ce) Importer(815301076,1909f56bfc062723c751e8b465ee728b)  -> (artifact id: '07ea755eab4e26a706da0834e1e48a4c') in 0.012553 seconds 
  Import took 0.020687 seconds .

========================================================================
Received Import Request.
  Time since last request: 13.565933 seconds.
  path: Assets/Inputs/PrimaryInputActions.inputactions
  artifactKey: Guid(fadd0445c25e3e742890b0540f0f54ce) Importer(815301076,1909f56bfc062723c751e8b465ee728b)
Start importing Assets/Inputs/PrimaryInputActions.inputactions using Guid(fadd0445c25e3e742890b0540f0f54ce) Importer(815301076,1909f56bfc062723c751e8b465ee728b)  -> (artifact id: '881a63ac4128626653b909e1d4c99f3e') in 0.011119 seconds 
  Import took 0.021359 seconds .

========================================================================
Received Import Request.
  Time since last request: 14.062609 seconds.
  path: Assets/Inputs/PrimaryInputActions.inputactions
  artifactKey: Guid(fadd0445c25e3e742890b0540f0f54ce) Importer(815301076,1909f56bfc062723c751e8b465ee728b)
Start importing Assets/Inputs/PrimaryInputActions.inputactions using Guid(fadd0445c25e3e742890b0540f0f54ce) Importer(815301076,1909f56bfc062723c751e8b465ee728b)  -> (artifact id: '731a444789ce95a7dbffa3206260ceb7') in 0.012144 seconds 
  Import took 0.020690 seconds .

========================================================================
Received Prepare
Registering precompiled user dll's ...
Registered in 0.012867 seconds.
Begin MonoManager ReloadAssembly
Native extension for WindowsStandalone target not found
Native extension for WebGL target not found
Refreshing native plugins compatible for Editor in 0.96 ms, found 2 plugins.
Preloading 0 native plugins for Editor in 0.00 ms.
Mono: successfully reloaded assembly
- Completed reload, in  2.558 seconds
Domain Reload Profiling:
	ReloadAssembly (2569ms)
		BeginReloadAssembly (624ms)
			ExecutionOrderSort (0ms)
			DisableScriptedObjects (50ms)
			BackupInstance (0ms)
			ReleaseScriptingObjects (0ms)
			CreateAndSetChildDomain (324ms)
		EndReloadAssembly (1821ms)
			LoadAssemblies (233ms)
			RebuildTransferFunctionScriptingTraits (0ms)
			SetupTypeCache (738ms)
			ReleaseScriptCaches (2ms)
			RebuildScriptCaches (105ms)
			SetupLoadedEditorAssemblies (593ms)
				LogAssemblyErrors (0ms)
				InitializePlatformSupportModulesInManaged (11ms)
				SetLoadedEditorAssemblies (1ms)
				RefreshPlugins (1ms)
				BeforeProcessingInitializeOnLoad (147ms)
				ProcessInitializeOnLoadAttributes (410ms)
				ProcessInitializeOnLoadMethodAttributes (16ms)
				AfterProcessingInitializeOnLoad (6ms)
				EditorAssembliesLoaded (1ms)
			ExecutionOrderSort2 (0ms)
			AwakeInstancesAfterBackupRestoration (12ms)
Platform modules already initialized, skipping
Refreshing native plugins compatible for Editor in 0.98 ms, found 2 plugins.
Preloading 0 native plugins for Editor in 0.00 ms.
Unloading 3047 Unused Serialized files (Serialized files now loaded: 0)
System memory in use before: 129.1 MB.
System memory in use after: 129.3 MB.

Unloading 16 unused Assets to reduce memory usage. Loaded Objects now: 3560.
Total: 5.697507 ms (FindLiveObjects: 0.481907 ms CreateObjectMapping: 0.341487 ms MarkObjects: 4.562951 ms  DeleteObjects: 0.303233 ms)

AssetImportParameters requested are different than current active one (requested -> active):
  custom:framework-win-MediaFoundation: 216162199b28c13a410421893ffa2e32 -> 
  custom:video-decoder-ogg-theora: a1e56fd34408186e4bbccfd4996cb3dc -> 
  custom:container-muxer-webm: aa71ff27fc2769a1b78a27578f13a17b -> 
  custom:container-demuxer-webm: 4f35f7cbe854078d1ac9338744f61a02 -> 
  custom:container-demuxer-ogg: 62fdf1f143b41e24485cea50d1cbac27 -> 
  custom:video-encoder-webm-vp8: eb34c28f22e8b96e1ab97ce403110664 -> 
  custom:video-decoder-webm-vp8: 9c59270c3fd7afecdb556c50c9e8de78 -> 
  custom:audio-decoder-ogg-vorbis: bf7c407c2cedff20999df2af8eb42d56 -> 
  custom:audio-encoder-webm-vorbis: bf7c407c2cedff20999df2af8eb42d56 -> 
AssetImportWorkerClient::OnTransportError - code=2 error=End of file
