
=== Wed Nov 17 17:42:53 2021

Packages were changed.
Update Mode: updateDependencies

The following packages were updated:
  com.unity.collab-proxy from version 1.3.9 to 1.5.7
  com.unity.ide.visualstudio from version 2.0.7 to 2.0.8
  com.unity.render-pipelines.universal from version 10.4.0 to 10.5.0
  com.unity.textmeshpro from version 3.0.4 to 3.0.6
  com.unity.timeline from version 1.4.7 to 1.4.8

=== Fri Feb  4 11:34:31 2022

Packages were changed.
Update Mode: updateDependencies

The following packages were updated:
  com.unity.collab-proxy from version 1.5.7 to 1.15.7
  com.unity.ide.visualstudio from version 2.0.8 to 2.0.12
  com.unity.ide.vscode from version 1.2.3 to 1.2.4
  com.unity.render-pipelines.universal from version 10.5.0 to 10.8.1
  com.unity.test-framework from version 1.1.24 to 1.1.29

=== Thu Apr  6 11:39:00 2023

Packages were changed.
Update Mode: updateDependencies

The following packages were updated:
  com.unity.collab-proxy from version 1.15.7 to 2.0.1
  com.unity.ide.rider from version 2.0.7 to 3.0.18
  com.unity.ide.visualstudio from version 2.0.12 to 2.0.17
  com.unity.ide.vscode from version 1.2.4 to 1.2.5
  com.unity.inputsystem from version 1.3.0 to 1.5.0
  com.unity.render-pipelines.universal from version 10.8.1 to 10.10.1
  com.unity.test-framework from version 1.1.29 to 1.1.33
